"2024-08-05 17:55:16 [main] INFO  com.student.StudentApplicationTests - Starting StudentApplicationTests using Java 17.0.12 with PID 5188 (started by user in C:\Users\user\Desktop\student\student)
""2024-08-05 17:55:16 [main] DEBUG com.student.StudentApplicationTests - Running with Spring Boot v3.3.1, Spring v6.1.10
""2024-08-05 17:55:16 [main] INFO  com.student.StudentApplicationTests - No active profile set, falling back to 1 default profile: "default"
""2024-08-05 17:55:18 [main] INFO  o.s.d.r.c.RepositoryConfigurationDelegate - Bootstrapping Spring Data JPA repositories in DEFAULT mode.
""2024-08-05 17:55:18 [main] INFO  o.s.d.r.c.RepositoryConfigurationDelegate - Finished Spring Data repository scanning in 123 ms. Found 1 JPA repository interface.
""2024-08-05 17:55:21 [main] INFO  com.zaxxer.hikari.HikariDataSource - HikariPool-1 - Starting...
""2024-08-05 17:55:22 [main] INFO  com.zaxxer.hikari.pool.HikariPool - HikariPool-1 - Added connection conn0: url=jdbc:h2:mem:bce72c82-3391-4271-8be6-a2b2b248090c user=SA
""2024-08-05 17:55:22 [main] INFO  com.zaxxer.hikari.HikariDataSource - HikariPool-1 - Start completed.
""2024-08-05 17:55:22 [main] INFO  o.h.jpa.internal.util.LogHelper - HHH000204: Processing PersistenceUnitInfo [name: default]
""2024-08-05 17:55:22 [main] INFO  org.hibernate.Version - HHH000412: Hibernate ORM core version 6.5.2.Final
""2024-08-05 17:55:22 [main] INFO  o.h.c.i.RegionFactoryInitiator - HHH000026: Second-level cache disabled
""2024-08-05 17:55:23 [main] INFO  o.s.o.j.p.SpringPersistenceUnitInfo - No LoadTimeWeaver setup: ignoring JPA class transformer
""2024-08-05 17:55:24 [main] INFO  o.h.e.t.j.p.i.JtaPlatformInitiator - HHH000489: No JTA platform available (set 'hibernate.transaction.jta.platform' to enable JTA platform integration)
""2024-08-05 17:55:25 [main] INFO  o.s.o.j.LocalContainerEntityManagerFactoryBean - Initialized JPA EntityManagerFactory for persistence unit 'default'
""2024-08-05 17:55:25 [main] WARN  o.s.b.a.o.j.JpaBaseConfiguration$JpaWebConfiguration - spring.jpa.open-in-view is enabled by default. Therefore, database queries may be performed during view rendering. Explicitly configure spring.jpa.open-in-view to disable this warning
""2024-08-05 17:55:26 [main] INFO  com.student.StudentApplicationTests - Started StudentApplicationTests in 10.812 seconds (process running for 15.974)
""2024-08-05 17:55:26 [SpringApplicationShutdownHook] INFO  o.s.o.j.LocalContainerEntityManagerFactoryBean - Closing JPA EntityManagerFactory for persistence unit 'default'
""2024-08-05 17:55:26 [SpringApplicationShutdownHook] INFO  com.zaxxer.hikari.HikariDataSource - HikariPool-1 - Shutdown initiated...
""2024-08-05 17:55:26 [SpringApplicationShutdownHook] INFO  com.zaxxer.hikari.HikariDataSource - HikariPool-1 - Shutdown completed.
""2024-08-05 19:16:26 [main] INFO  com.student.StudentApplicationTests - Starting StudentApplicationTests using Java 17.0.12 with PID 14500 (started by user in C:\Users\user\Desktop\student\student)
""2024-08-05 19:16:26 [main] DEBUG com.student.StudentApplicationTests - Running with Spring Boot v3.3.1, Spring v6.1.10
""2024-08-05 19:16:26 [main] INFO  com.student.StudentApplicationTests - No active profile set, falling back to 1 default profile: "default"
""2024-08-05 19:16:27 [main] INFO  o.s.d.r.c.RepositoryConfigurationDelegate - Bootstrapping Spring Data JPA repositories in DEFAULT mode.
""2024-08-05 19:16:27 [main] INFO  o.s.d.r.c.RepositoryConfigurationDelegate - Finished Spring Data repository scanning in 123 ms. Found 1 JPA repository interface.
""2024-08-05 19:16:30 [main] INFO  com.zaxxer.hikari.HikariDataSource - HikariPool-1 - Starting...
""2024-08-05 19:16:31 [main] INFO  com.zaxxer.hikari.pool.HikariPool - HikariPool-1 - Added connection conn0: url=jdbc:h2:mem:5add02a0-47fe-4bfb-91a4-26b28199c6b7 user=SA
""2024-08-05 19:16:31 [main] INFO  com.zaxxer.hikari.HikariDataSource - HikariPool-1 - Start completed.
""2024-08-05 19:16:31 [main] INFO  o.h.jpa.internal.util.LogHelper - HHH000204: Processing PersistenceUnitInfo [name: default]
""2024-08-05 19:16:31 [main] INFO  org.hibernate.Version - HHH000412: Hibernate ORM core version 6.5.2.Final
""2024-08-05 19:16:31 [main] INFO  o.h.c.i.RegionFactoryInitiator - HHH000026: Second-level cache disabled
""2024-08-05 19:16:32 [main] INFO  o.s.o.j.p.SpringPersistenceUnitInfo - No LoadTimeWeaver setup: ignoring JPA class transformer
""2024-08-05 19:16:34 [main] INFO  o.h.e.t.j.p.i.JtaPlatformInitiator - HHH000489: No JTA platform available (set 'hibernate.transaction.jta.platform' to enable JTA platform integration)
""2024-08-05 19:16:34 [main] INFO  o.s.o.j.LocalContainerEntityManagerFactoryBean - Initialized JPA EntityManagerFactory for persistence unit 'default'
""2024-08-05 19:16:34 [main] WARN  o.s.b.a.o.j.JpaBaseConfiguration$JpaWebConfiguration - spring.jpa.open-in-view is enabled by default. Therefore, database queries may be performed during view rendering. Explicitly configure spring.jpa.open-in-view to disable this warning
""2024-08-05 19:16:35 [main] INFO  com.student.StudentApplicationTests - Started StudentApplicationTests in 10.428 seconds (process running for 12.786)
""2024-08-05 19:16:36 [SpringApplicationShutdownHook] INFO  o.s.o.j.LocalContainerEntityManagerFactoryBean - Closing JPA EntityManagerFactory for persistence unit 'default'
""2024-08-05 19:16:36 [SpringApplicationShutdownHook] INFO  com.zaxxer.hikari.HikariDataSource - HikariPool-1 - Shutdown initiated...
""2024-08-05 19:16:36 [SpringApplicationShutdownHook] INFO  com.zaxxer.hikari.HikariDataSource - HikariPool-1 - Shutdown completed.
""2024-08-05 19:28:29 [main] INFO  com.student.StudentApplicationTests - Starting StudentApplicationTests using Java 17.0.12 with PID 14892 (started by user in C:\Users\user\Desktop\student\student)
""2024-08-05 19:28:29 [main] DEBUG com.student.StudentApplicationTests - Running with Spring Boot v3.3.1, Spring v6.1.10
""2024-08-05 19:28:29 [main] INFO  com.student.StudentApplicationTests - No active profile set, falling back to 1 default profile: "default"
""2024-08-05 19:28:31 [main] INFO  o.s.d.r.c.RepositoryConfigurationDelegate - Bootstrapping Spring Data JPA repositories in DEFAULT mode.
""2024-08-05 19:28:31 [main] INFO  o.s.d.r.c.RepositoryConfigurationDelegate - Finished Spring Data repository scanning in 129 ms. Found 1 JPA repository interface.
""2024-08-05 19:28:34 [main] INFO  com.zaxxer.hikari.HikariDataSource - HikariPool-1 - Starting...
""2024-08-05 19:28:35 [main] INFO  com.zaxxer.hikari.pool.HikariPool - HikariPool-1 - Added connection conn0: url=jdbc:h2:mem:94834aa4-00c8-4536-b9a1-31063756d356 user=SA
""2024-08-05 19:28:35 [main] INFO  com.zaxxer.hikari.HikariDataSource - HikariPool-1 - Start completed.
""2024-08-05 19:28:35 [main] INFO  o.h.jpa.internal.util.LogHelper - HHH000204: Processing PersistenceUnitInfo [name: default]
""2024-08-05 19:28:35 [main] INFO  org.hibernate.Version - HHH000412: Hibernate ORM core version 6.5.2.Final
""2024-08-05 19:28:35 [main] INFO  o.h.c.i.RegionFactoryInitiator - HHH000026: Second-level cache disabled
""2024-08-05 19:28:35 [main] INFO  o.s.o.j.p.SpringPersistenceUnitInfo - No LoadTimeWeaver setup: ignoring JPA class transformer
""2024-08-05 19:28:37 [main] INFO  o.h.e.t.j.p.i.JtaPlatformInitiator - HHH000489: No JTA platform available (set 'hibernate.transaction.jta.platform' to enable JTA platform integration)
""2024-08-05 19:28:37 [main] INFO  o.s.o.j.LocalContainerEntityManagerFactoryBean - Initialized JPA EntityManagerFactory for persistence unit 'default'
""2024-08-05 19:28:38 [main] WARN  o.s.b.a.o.j.JpaBaseConfiguration$JpaWebConfiguration - spring.jpa.open-in-view is enabled by default. Therefore, database queries may be performed during view rendering. Explicitly configure spring.jpa.open-in-view to disable this warning
""2024-08-05 19:28:39 [main] INFO  com.student.StudentApplicationTests - Started StudentApplicationTests in 10.336 seconds (process running for 12.526)
""2024-08-05 19:28:39 [SpringApplicationShutdownHook] INFO  o.s.o.j.LocalContainerEntityManagerFactoryBean - Closing JPA EntityManagerFactory for persistence unit 'default'
""2024-08-05 19:28:39 [SpringApplicationShutdownHook] INFO  com.zaxxer.hikari.HikariDataSource - HikariPool-1 - Shutdown initiated...
""2024-08-05 19:28:39 [SpringApplicationShutdownHook] INFO  com.zaxxer.hikari.HikariDataSource - HikariPool-1 - Shutdown completed.
""2024-08-05 19:30:03 [main] INFO  com.student.StudentApplicationTests - Starting StudentApplicationTests using Java 17.0.12 with PID 2612 (started by user in C:\Users\user\Desktop\student\student)
""2024-08-05 19:30:03 [main] DEBUG com.student.StudentApplicationTests - Running with Spring Boot v3.3.1, Spring v6.1.10
""2024-08-05 19:30:03 [main] INFO  com.student.StudentApplicationTests - No active profile set, falling back to 1 default profile: "default"
""2024-08-05 19:30:05 [main] INFO  o.s.d.r.c.RepositoryConfigurationDelegate - Bootstrapping Spring Data JPA repositories in DEFAULT mode.
""2024-08-05 19:30:05 [main] INFO  o.s.d.r.c.RepositoryConfigurationDelegate - Finished Spring Data repository scanning in 122 ms. Found 1 JPA repository interface.
""2024-08-05 19:30:08 [main] INFO  com.zaxxer.hikari.HikariDataSource - HikariPool-1 - Starting...
""2024-08-05 19:30:09 [main] INFO  com.zaxxer.hikari.pool.HikariPool - HikariPool-1 - Added connection conn0: url=jdbc:h2:mem:023f17cf-445d-411f-91d2-b8dd43feee02 user=SA
""2024-08-05 19:30:09 [main] INFO  com.zaxxer.hikari.HikariDataSource - HikariPool-1 - Start completed.
""2024-08-05 19:30:09 [main] INFO  o.h.jpa.internal.util.LogHelper - HHH000204: Processing PersistenceUnitInfo [name: default]
""2024-08-05 19:30:09 [main] INFO  org.hibernate.Version - HHH000412: Hibernate ORM core version 6.5.2.Final
""2024-08-05 19:30:09 [main] INFO  o.h.c.i.RegionFactoryInitiator - HHH000026: Second-level cache disabled
""2024-08-05 19:30:10 [main] INFO  o.s.o.j.p.SpringPersistenceUnitInfo - No LoadTimeWeaver setup: ignoring JPA class transformer
""2024-08-05 19:30:11 [main] INFO  o.h.e.t.j.p.i.JtaPlatformInitiator - HHH000489: No JTA platform available (set 'hibernate.transaction.jta.platform' to enable JTA platform integration)
""2024-08-05 19:30:11 [main] INFO  o.s.o.j.LocalContainerEntityManagerFactoryBean - Initialized JPA EntityManagerFactory for persistence unit 'default'
""2024-08-05 19:30:12 [main] WARN  o.s.b.a.o.j.JpaBaseConfiguration$JpaWebConfiguration - spring.jpa.open-in-view is enabled by default. Therefore, database queries may be performed during view rendering. Explicitly configure spring.jpa.open-in-view to disable this warning
""2024-08-05 19:30:13 [main] INFO  com.student.StudentApplicationTests - Started StudentApplicationTests in 10.272 seconds (process running for 12.636)
""2024-08-05 19:30:13 [SpringApplicationShutdownHook] INFO  o.s.o.j.LocalContainerEntityManagerFactoryBean - Closing JPA EntityManagerFactory for persistence unit 'default'
""2024-08-05 19:30:13 [SpringApplicationShutdownHook] INFO  com.zaxxer.hikari.HikariDataSource - HikariPool-1 - Shutdown initiated...
""2024-08-05 19:30:13 [SpringApplicationShutdownHook] INFO  com.zaxxer.hikari.HikariDataSource - HikariPool-1 - Shutdown completed.
"